<?xml version="1.0" encoding="UTF-8"?>
<!-- Generated by org.testng.reporters.JUnitReportReporter -->
<testsuite hostname="LAPTOP-PFU81U10" failures="0" tests="2" name="test.PS1" time="0.014" errors="0" timestamp="2024-09-11T16:39:40 IST" skipped="0">
  <testcase classname="test.PS1" name="testRun" time="0.007"/>
  <system-out/>
  <testcase classname="test.PS1" name="testRun2" time="0.007"/>
  <system-out/>
</testsuite> <!-- test.PS1 -->
