<?xml version="1.0" encoding="UTF-8"?>
<!-- Generated by org.testng.reporters.JUnitReportReporter -->
<testsuite hostname="LAPTOP-PFU81U10" failures="0" tests="3" name="test.day4" time="0.007" errors="0" timestamp="2024-09-11T15:22:08 IST" skipped="0">
  <testcase classname="test.day4" name="webLoginHomeLoan" time="0.001"/>
  <system-out/>
  <testcase classname="test.day4" name="LoginAPIHomeLoan" time="0.001"/>
  <system-out/>
  <testcase classname="test.day4" name="MobileLoginHomeLoan" time="0.005"/>
  <system-out/>
</testsuite> <!-- test.day4 -->
