<?xml version="1.0" encoding="UTF-8"?>
<!-- Generated by org.testng.reporters.JUnitReportReporter -->
<testsuite hostname="LAPTOP-PFU81U10" failures="0" tests="2" name="test.day2" time="0.002" errors="0" timestamp="2024-09-11T15:22:08 IST" skipped="0">
  <testcase classname="test.day2" name="methodDisplayForDay2" time="0.001"/>
  <system-out/>
  <testcase classname="test.day2" name="methodDisplayDuplicateForDay2" time="0.001"/>
  <system-out/>
</testsuite> <!-- test.day2 -->
