<?xml version="1.0" encoding="UTF-8"?>
<!-- Generated by org.testng.reporters.JUnitReportReporter -->
<testsuite hostname="LAPTOP-PFU81U10" failures="0" tests="3" name="test.day3" time="0.011" errors="0" timestamp="2024-09-11T15:22:08 IST" skipped="0">
  <testcase classname="test.day3" name="MobileLoginCarLoan" time="0.001"/>
  <system-out/>
  <testcase classname="test.day3" name="MobileLoginCarLoan" time="0.003"/>
  <system-out/>
  <testcase classname="test.day3" name="MobileLoginCarLoan" time="0.007"/>
  <system-out/>
</testsuite> <!-- test.day3 -->
